2021-04-20 00:01:10.327 [Critical] [service.go:358] [sub error] ctx done
2021-04-20 00:06:10.686 [Critical] [service.go:358] [sub error] ctx done
2021-04-20 00:11:10.969 [Critical] [service.go:358] [sub error] ctx done
2021-04-20 00:16:11.149 [Critical] [service.go:358] [sub error] ctx done
2021-04-20 00:21:11.49 [Critical] [service.go:358] [sub error] ctx done
2021-04-20 00:26:11.833 [Critical] [service.go:358] [sub error] ctx done
2021-04-20 00:31:12.001 [Critical] [service.go:358] [sub error] ctx done
2021-04-20 00:36:12.17 [Critical] [service.go:358] [sub error] ctx done
2021-04-20 00:41:12.398 [Critical] [service.go:358] [sub error] ctx done
2021-04-20 00:46:12.583 [Critical] [service.go:358] [sub error] ctx done
2021-04-20 00:51:12.917 [Critical] [service.go:358] [sub error] ctx done
2021-04-20 00:56:13.255 [Critical] [service.go:358] [sub error] ctx done
2021-04-20 01:01:13.588 [Critical] [service.go:358] [sub error] ctx done
2021-04-20 01:06:13.837 [Critical] [service.go:358] [sub error] ctx done
2021-04-20 01:11:14.184 [Critical] [service.go:358] [sub error] ctx done
2021-04-20 01:16:14.535 [Critical] [service.go:358] [sub error] ctx done
2021-04-20 01:21:14.789 [Critical] [service.go:358] [sub error] ctx done
2021-04-20 01:26:14.945 [Critical] [service.go:358] [sub error] ctx done
2021-04-20 01:31:15.164 [Critical] [service.go:358] [sub error] ctx done
2021-04-20 01:36:15.461 [Critical] [service.go:358] [sub error] ctx done
2021-04-20 01:41:15.793 [Critical] [service.go:358] [sub error] ctx done
2021-04-20 01:46:15.974 [Critical] [service.go:358] [sub error] ctx done
2021-04-20 01:51:16.125 [Critical] [service.go:358] [sub error] ctx done
2021-04-20 01:56:16.419 [Critical] [service.go:358] [sub error] ctx done
2021-04-20 02:01:16.75 [Critical] [service.go:358] [sub error] ctx done
2021-04-20 02:06:16.905 [Critical] [service.go:358] [sub error] ctx done
2021-04-20 02:11:17.074 [Critical] [service.go:358] [sub error] ctx done
2021-04-20 02:16:17.267 [Critical] [service.go:358] [sub error] ctx done
2021-04-20 02:21:17.579 [Critical] [service.go:358] [sub error] ctx done
2021-04-20 02:26:17.963 [Critical] [service.go:358] [sub error] ctx done
2021-04-20 02:31:18.113 [Critical] [service.go:358] [sub error] ctx done
2021-04-20 02:36:18.322 [Critical] [service.go:358] [sub error] ctx done
2021-04-20 02:41:18.601 [Critical] [service.go:358] [sub error] ctx done
2021-04-20 02:46:18.79 [Critical] [service.go:358] [sub error] ctx done
2021-04-20 02:51:19.16 [Critical] [service.go:358] [sub error] ctx done
2021-04-20 02:56:19.35 [Critical] [service.go:358] [sub error] ctx done
2021-04-20 03:01:19.547 [Critical] [service.go:358] [sub error] ctx done
2021-04-20 03:06:19.713 [Critical] [service.go:358] [sub error] ctx done
2021-04-20 03:11:19.882 [Critical] [service.go:358] [sub error] ctx done
2021-04-20 03:16:20.036 [Critical] [service.go:358] [sub error] ctx done
2021-04-20 03:21:20.288 [Critical] [service.go:358] [sub error] ctx done
2021-04-20 03:26:20.449 [Critical] [service.go:358] [sub error] ctx done
2021-04-20 03:31:20.614 [Critical] [service.go:358] [sub error] ctx done
2021-04-20 03:36:20.791 [Critical] [service.go:358] [sub error] ctx done
2021-04-20 03:41:21.108 [Critical] [service.go:358] [sub error] ctx done
2021-04-20 03:46:21.383 [Critical] [service.go:358] [sub error] ctx done
2021-04-20 03:51:21.556 [Critical] [service.go:358] [sub error] ctx done
2021-04-20 03:56:21.803 [Critical] [service.go:358] [sub error] ctx done
2021-04-20 04:01:21.949 [Critical] [service.go:358] [sub error] ctx done
2021-04-20 04:06:22.125 [Critical] [service.go:358] [sub error] ctx done
2021-04-20 04:11:22.416 [Critical] [service.go:358] [sub error] ctx done
2021-04-20 04:16:22.683 [Critical] [service.go:358] [sub error] ctx done
2021-04-20 04:21:23.009 [Critical] [service.go:358] [sub error] ctx done
2021-04-20 04:26:23.277 [Critical] [service.go:358] [sub error] ctx done
2021-04-20 04:31:23.435 [Critical] [service.go:358] [sub error] ctx done
2021-04-20 04:36:23.599 [Critical] [service.go:358] [sub error] ctx done
2021-04-20 04:41:23.841 [Critical] [service.go:358] [sub error] ctx done
2021-04-20 04:46:24.09 [Critical] [service.go:358] [sub error] ctx done
2021-04-20 04:51:24.33 [Critical] [service.go:358] [sub error] ctx done
2021-04-20 04:56:24.482 [Critical] [service.go:358] [sub error] ctx done
2021-04-20 05:01:24.696 [Critical] [service.go:358] [sub error] ctx done
2021-04-20 05:06:24.934 [Critical] [service.go:358] [sub error] ctx done
2021-04-20 05:11:25.268 [Critical] [service.go:358] [sub error] ctx done
2021-04-20 05:16:25.421 [Critical] [service.go:358] [sub error] ctx done
2021-04-20 05:21:25.578 [Critical] [service.go:358] [sub error] ctx done
2021-04-20 05:26:25.773 [Critical] [service.go:358] [sub error] ctx done
2021-04-20 05:31:25.934 [Critical] [service.go:358] [sub error] ctx done
2021-04-20 05:36:26.165 [Critical] [service.go:358] [sub error] ctx done
2021-04-20 05:41:26.38 [Critical] [service.go:358] [sub error] ctx done
2021-04-20 05:46:26.639 [Critical] [service.go:358] [sub error] ctx done
2021-04-20 05:51:26.842 [Critical] [service.go:358] [sub error] ctx done
2021-04-20 05:56:27.046 [Critical] [service.go:358] [sub error] ctx done
2021-04-20 06:01:27.297 [Critical] [service.go:358] [sub error] ctx done
2021-04-20 06:06:27.451 [Critical] [service.go:358] [sub error] ctx done
2021-04-20 06:11:27.709 [Critical] [service.go:358] [sub error] ctx done
2021-04-20 06:16:27.88 [Critical] [service.go:358] [sub error] ctx done
2021-04-20 06:21:28.294 [Critical] [service.go:358] [sub error] ctx done
2021-04-20 06:26:28.572 [Critical] [service.go:358] [sub error] ctx done
2021-04-20 06:31:28.759 [Critical] [service.go:358] [sub error] ctx done
2021-04-20 06:36:29.058 [Critical] [service.go:358] [sub error] ctx done
2021-04-20 06:41:29.23 [Critical] [service.go:358] [sub error] ctx done
2021-04-20 06:46:29.6 [Critical] [service.go:358] [sub error] ctx done
2021-04-20 06:51:29.863 [Critical] [service.go:358] [sub error] ctx done
2021-04-20 06:56:30.023 [Critical] [service.go:358] [sub error] ctx done
2021-04-20 07:01:30.186 [Critical] [service.go:358] [sub error] ctx done
2021-04-20 07:06:30.65 [Critical] [service.go:358] [sub error] ctx done
2021-04-20 07:11:30.878 [Critical] [service.go:358] [sub error] ctx done
2021-04-20 07:16:31.043 [Critical] [service.go:358] [sub error] ctx done
2021-04-20 07:21:31.21 [Critical] [service.go:358] [sub error] ctx done
2021-04-20 07:26:31.549 [Critical] [service.go:358] [sub error] ctx done
2021-04-20 07:31:31.719 [Critical] [service.go:358] [sub error] ctx done
2021-04-20 07:36:32.069 [Critical] [service.go:358] [sub error] ctx done
2021-04-20 07:41:32.317 [Critical] [service.go:358] [sub error] ctx done
2021-04-20 07:46:32.6 [Critical] [service.go:358] [sub error] ctx done
2021-04-20 07:51:32.768 [Critical] [service.go:358] [sub error] ctx done
2021-04-20 07:56:33.02 [Critical] [service.go:358] [sub error] ctx done
2021-04-20 08:01:33.331 [Critical] [service.go:358] [sub error] ctx done
2021-04-20 08:06:33.522 [Critical] [service.go:358] [sub error] ctx done
2021-04-20 08:11:33.681 [Critical] [service.go:358] [sub error] ctx done
2021-04-20 08:16:33.91 [Critical] [service.go:358] [sub error] ctx done
2021-04-20 08:21:34.116 [Critical] [service.go:358] [sub error] ctx done
2021-04-20 08:26:35.664 [Critical] [service.go:358] [sub error] ctx done
2021-04-20 08:31:36.826 [Critical] [service.go:358] [sub error] ctx done
2021-04-20 08:36:38.495 [Critical] [service.go:358] [sub error] ctx done
2021-04-20 08:41:38.856 [Critical] [service.go:358] [sub error] ctx done
2021-04-20 08:46:39.308 [Critical] [service.go:358] [sub error] ctx done
2021-04-20 08:51:39.627 [Critical] [service.go:358] [sub error] ctx done
2021-04-20 08:56:40.092 [Critical] [service.go:358] [sub error] ctx done
2021-04-20 09:01:40.318 [Critical] [service.go:358] [sub error] ctx done
2021-04-20 09:06:40.76 [Critical] [service.go:358] [sub error] ctx done
2021-04-20 09:11:41.19 [Critical] [service.go:358] [sub error] ctx done
2021-04-20 09:16:46.254 [Critical] [service.go:358] [sub error] ctx done
2021-04-20 09:21:46.633 [Critical] [service.go:358] [sub error] ctx done
2021-04-20 09:26:46.854 [Critical] [service.go:358] [sub error] ctx done
2021-04-20 09:31:47.098 [Critical] [service.go:358] [sub error] ctx done
2021-04-20 09:36:47.601 [Critical] [service.go:358] [sub error] ctx done
2021-04-20 09:41:47.968 [Critical] [service.go:358] [sub error] ctx done
2021-04-20 09:46:50.638 [Critical] [service.go:358] [sub error] ctx done
2021-04-20 09:51:51.19 [Critical] [service.go:358] [sub error] ctx done
2021-04-20 09:56:52.253 [Critical] [service.go:358] [sub error] ctx done
2021-04-20 10:01:55.047 [Critical] [service.go:358] [sub error] ctx done
2021-04-20 10:06:56.626 [Critical] [service.go:358] [sub error] ctx done
2021-04-20 10:11:59.005 [Critical] [service.go:358] [sub error] ctx done
2021-04-20 10:16:59.655 [Critical] [service.go:358] [sub error] ctx done
2021-04-20 10:22:00.295 [Critical] [service.go:358] [sub error] ctx done
2021-04-20 10:27:01.677 [Critical] [service.go:358] [sub error] ctx done
2021-04-20 10:32:03.734 [Critical] [service.go:358] [sub error] ctx done
2021-04-20 10:37:07.922 [Critical] [service.go:358] [sub error] ctx done
2021-04-20 10:42:08.106 [Critical] [service.go:358] [sub error] ctx done
2021-04-20 10:47:08.858 [Critical] [service.go:358] [sub error] ctx done
2021-04-20 10:52:09.506 [Critical] [service.go:358] [sub error] ctx done
2021-04-20 10:57:11.901 [Critical] [service.go:358] [sub error] ctx done
2021-04-20 11:02:12.535 [Critical] [service.go:358] [sub error] ctx done
2021-04-20 11:07:14.228 [Critical] [service.go:358] [sub error] ctx done
2021-04-20 11:12:15.068 [Critical] [service.go:358] [sub error] ctx done
2021-04-20 11:17:17.163 [Critical] [service.go:358] [sub error] ctx done
2021-04-20 11:22:18 [Critical] [service.go:358] [sub error] ctx done
2021-04-20 11:27:18.948 [Critical] [service.go:358] [sub error] ctx done
2021-04-20 11:32:19.31 [Critical] [service.go:358] [sub error] ctx done
2021-04-20 11:37:19.638 [Critical] [service.go:358] [sub error] ctx done
2021-04-20 11:42:19.966 [Critical] [service.go:358] [sub error] ctx done
2021-04-20 11:47:20.403 [Critical] [service.go:358] [sub error] ctx done
2021-04-20 11:52:21.985 [Critical] [service.go:358] [sub error] ctx done
2021-04-20 11:57:22.754 [Critical] [service.go:358] [sub error] ctx done
2021-04-20 12:02:23.987 [Critical] [service.go:358] [sub error] ctx done
2021-04-20 12:07:24.249 [Critical] [service.go:358] [sub error] ctx done
2021-04-20 12:12:26.212 [Critical] [service.go:358] [sub error] ctx done
2021-04-20 12:17:28.187 [Critical] [service.go:358] [sub error] ctx done
2021-04-20 12:22:28.526 [Critical] [service.go:358] [sub error] ctx done
2021-04-20 12:27:29.068 [Critical] [service.go:358] [sub error] ctx done
2021-04-20 12:32:29.518 [Critical] [service.go:358] [sub error] ctx done
2021-04-20 12:37:30.675 [Critical] [service.go:358] [sub error] ctx done
2021-04-20 12:42:32.344 [Critical] [service.go:358] [sub error] ctx done
2021-04-20 12:47:35.742 [Critical] [service.go:358] [sub error] ctx done
2021-04-20 12:52:37.334 [Critical] [service.go:358] [sub error] ctx done
2021-04-20 12:57:37.661 [Critical] [service.go:358] [sub error] ctx done
2021-04-20 13:02:37.9 [Critical] [service.go:358] [sub error] ctx done
2021-04-20 13:07:38.233 [Critical] [service.go:358] [sub error] ctx done
2021-04-20 13:12:38.496 [Critical] [service.go:358] [sub error] ctx done
2021-04-20 13:17:38.819 [Critical] [service.go:358] [sub error] ctx done
2021-04-20 13:22:39.125 [Critical] [service.go:358] [sub error] ctx done
2021-04-20 13:33:17.276 [Critical] [service.go:353] [sub error] ctx done
2021-04-20 13:38:18.157 [Critical] [service.go:353] [sub error] ctx done
2021-04-20 13:43:22.413 [Critical] [service.go:353] [sub error] ctx done
2021-04-20 13:48:23.261 [Critical] [service.go:353] [sub error] ctx done
2021-04-20 13:53:25.24 [Critical] [service.go:353] [sub error] ctx done
2021-04-20 13:58:25.669 [Critical] [service.go:353] [sub error] ctx done
2021-04-20 14:03:26.019 [Critical] [service.go:353] [sub error] ctx done
2021-04-20 14:08:26.368 [Critical] [service.go:353] [sub error] ctx done
2021-04-20 15:01:38.443 [Critical] [influx.go:48] Init influx error:Post "http://localhost:8086/query?db=&params=%7B%7D&q=CREATE+DATABASE+data_node_history+WITH+DURATION+1d": dial tcp [::1]:8086: connectex: No connection could be made because the target machine actively refused it.
2021-04-20 15:01:38.568 [Critical] [service.go:449] Build Server error: BadCommunicationError
2021-04-20 15:02:05.515 [Critical] [service.go:449] Build Server error: BadCommunicationError
2021-04-20 15:09:02.822 [Critical] [service.go:353] [sub error] ctx done
2021-04-21 14:19:59.628 [Critical] [service.go:353] [sub error] ctx done
2021-04-21 14:25:00.267 [Critical] [service.go:353] [sub error] ctx done
2021-04-22 13:16:00.513 [Critical] [service.go:352] [sub error] ctx done
2021-04-22 13:21:01.465 [Critical] [service.go:352] [sub error] ctx done
2021-04-22 13:26:02.899 [Critical] [service.go:352] [sub error] ctx done
2021-04-22 13:31:04.065 [Critical] [service.go:352] [sub error] ctx done
2021-04-22 13:36:12.986 [Critical] [service.go:352] [sub error] ctx done
2021-04-22 13:41:35.688 [Critical] [service.go:352] [sub error] ctx done
2021-04-22 13:43:06.975 [Critical] [service.go:134] Init edge service error: load node parent error: open node_parent.xlsx: The system cannot find the file specified.
2021-04-22 15:20:09.471 [Critical] [service.go:352] [sub error] ctx done
2021-04-22 15:25:10.722 [Critical] [service.go:352] [sub error] ctx done
2021-04-22 15:33:57.773 [Critical] [service.go:352] [sub error] ctx done
2021-04-22 15:38:58.293 [Critical] [service.go:352] [sub error] ctx done
2021-04-22 15:43:58.542 [Critical] [service.go:352] [sub error] ctx done
2021-04-22 15:48:58.702 [Critical] [service.go:352] [sub error] ctx done
2021-04-22 15:53:59.029 [Critical] [service.go:352] [sub error] ctx done
2021-04-22 15:58:59.366 [Critical] [service.go:352] [sub error] ctx done
2021-04-22 16:03:59.815 [Critical] [service.go:352] [sub error] ctx done
2021-04-22 16:09:01.231 [Critical] [service.go:352] [sub error] ctx done
2021-04-22 16:14:02.845 [Critical] [service.go:352] [sub error] ctx done
2021-04-22 16:19:04.739 [Critical] [service.go:352] [sub error] ctx done
2021-04-22 16:24:07.209 [Critical] [service.go:352] [sub error] ctx done
2021-04-22 16:29:07.569 [Critical] [service.go:352] [sub error] ctx done
2021-04-22 16:34:08.092 [Critical] [service.go:352] [sub error] ctx done
2021-04-22 16:39:08.463 [Critical] [service.go:352] [sub error] ctx done
2021-04-22 16:44:09.09 [Critical] [service.go:352] [sub error] ctx done
2021-04-22 16:49:09.475 [Critical] [service.go:352] [sub error] ctx done
2021-04-22 16:54:09.7 [Critical] [service.go:352] [sub error] ctx done
2021-04-22 16:59:09.897 [Critical] [service.go:352] [sub error] ctx done
2021-04-22 17:04:10.151 [Critical] [service.go:352] [sub error] ctx done
2021-04-22 17:09:10.691 [Critical] [service.go:352] [sub error] ctx done
2021-04-22 17:14:10.988 [Critical] [service.go:352] [sub error] ctx done
2021-04-22 17:19:11.169 [Critical] [service.go:352] [sub error] ctx done
2021-04-22 17:24:11.599 [Critical] [service.go:352] [sub error] ctx done
2021-04-22 17:29:11.846 [Critical] [service.go:352] [sub error] ctx done
2021-04-22 17:34:12.191 [Critical] [service.go:352] [sub error] ctx done
2021-04-22 17:39:12.642 [Critical] [service.go:352] [sub error] ctx done
2021-04-22 17:49:50.491 [Critical] [service.go:352] [sub error] ctx done
2021-04-22 17:54:50.881 [Critical] [service.go:352] [sub error] ctx done
